2021-01-06T16:12:05.174+0000 I  CONTROL  [main] Automatically disabling TLS 1.0, to force-enable TLS 1.0 specify --sslDisabledProtocols 'none'
2021-01-06T16:12:05.180+0000 W  ASIO     [main] No TransportLayer configured during NetworkInterface startup
2021-01-06T16:12:05.181+0000 I  CONTROL  [initandlisten] MongoDB starting : pid=10 port=27017 dbpath=/data/db 64-bit host=512102e219fb
2021-01-06T16:12:05.181+0000 I  CONTROL  [initandlisten] db version v4.2.10
2021-01-06T16:12:05.181+0000 I  CONTROL  [initandlisten] git version: 88276238fa97b47c0ef14362b343c5317ecbd739
2021-01-06T16:12:05.181+0000 I  CONTROL  [initandlisten] OpenSSL version: OpenSSL 1.1.1d  10 Sep 2019
2021-01-06T16:12:05.181+0000 I  CONTROL  [initandlisten] allocator: tcmalloc
2021-01-06T16:12:05.181+0000 I  CONTROL  [initandlisten] modules: none
2021-01-06T16:12:05.181+0000 I  CONTROL  [initandlisten] build environment:
2021-01-06T16:12:05.181+0000 I  CONTROL  [initandlisten]     distmod: debian10
2021-01-06T16:12:05.181+0000 I  CONTROL  [initandlisten]     distarch: x86_64
2021-01-06T16:12:05.181+0000 I  CONTROL  [initandlisten]     target_arch: x86_64
2021-01-06T16:12:05.181+0000 I  CONTROL  [initandlisten] options: { net: { bindIp: "*" }, processManagement: { fork: true }, systemLog: { destination: "file", path: "/var/log/mongodb.log" } }
2021-01-06T16:12:05.183+0000 W  STORAGE  [initandlisten] Detected unclean shutdown - /data/db/mongod.lock is not empty.
2021-01-06T16:12:05.183+0000 I  STORAGE  [initandlisten] Detected data files in /data/db created by the 'wiredTiger' storage engine, so setting the active storage engine to 'wiredTiger'.
2021-01-06T16:12:05.183+0000 W  STORAGE  [initandlisten] Recovering data from the last clean checkpoint.
2021-01-06T16:12:05.183+0000 I  STORAGE  [initandlisten] 
2021-01-06T16:12:05.183+0000 I  STORAGE  [initandlisten] ** WARNING: Using the XFS filesystem is strongly recommended with the WiredTiger storage engine
2021-01-06T16:12:05.183+0000 I  STORAGE  [initandlisten] **          See http://dochub.mongodb.org/core/prodnotes-filesystem
2021-01-06T16:12:05.183+0000 I  STORAGE  [initandlisten] wiredtiger_open config: create,cache_size=5831M,cache_overflow=(file_max=0M),session_max=33000,eviction=(threads_min=4,threads_max=4),config_base=false,statistics=(fast),log=(enabled=true,archive=true,path=journal,compressor=snappy),file_manager=(close_idle_time=100000,close_scan_interval=10,close_handle_minimum=250),statistics_log=(wait=0),verbose=[recovery_progress,checkpoint_progress],
2021-01-06T16:12:05.866+0000 I  STORAGE  [initandlisten] WiredTiger message [1609949525:866019][10:0x7fbeb20d0d40], txn-recover: Recovering log 14 through 15
2021-01-06T16:12:05.912+0000 I  STORAGE  [initandlisten] WiredTiger message [1609949525:912113][10:0x7fbeb20d0d40], txn-recover: Recovering log 15 through 15
2021-01-06T16:12:05.988+0000 I  STORAGE  [initandlisten] WiredTiger message [1609949525:988402][10:0x7fbeb20d0d40], txn-recover: Main recovery loop: starting at 14/126464 to 15/256
2021-01-06T16:12:06.068+0000 I  STORAGE  [initandlisten] WiredTiger message [1609949526:68742][10:0x7fbeb20d0d40], txn-recover: Recovering log 14 through 15
2021-01-06T16:12:06.125+0000 I  STORAGE  [initandlisten] WiredTiger message [1609949526:125158][10:0x7fbeb20d0d40], txn-recover: Recovering log 15 through 15
2021-01-06T16:12:06.161+0000 I  STORAGE  [initandlisten] WiredTiger message [1609949526:161250][10:0x7fbeb20d0d40], txn-recover: Set global recovery timestamp: (0, 0)
2021-01-06T16:12:06.267+0000 I  RECOVERY [initandlisten] WiredTiger recoveryTimestamp. Ts: Timestamp(0, 0)
2021-01-06T16:12:06.283+0000 I  STORAGE  [initandlisten] Timestamp monitor starting
2021-01-06T16:12:06.298+0000 I  CONTROL  [initandlisten] 
2021-01-06T16:12:06.298+0000 I  CONTROL  [initandlisten] ** WARNING: Access control is not enabled for the database.
2021-01-06T16:12:06.298+0000 I  CONTROL  [initandlisten] **          Read and write access to data and configuration is unrestricted.
2021-01-06T16:12:06.298+0000 I  CONTROL  [initandlisten] ** WARNING: You are running this process as the root user, which is not recommended.
2021-01-06T16:12:06.298+0000 I  CONTROL  [initandlisten] 
2021-01-06T16:12:06.299+0000 I  CONTROL  [initandlisten] 
2021-01-06T16:12:06.299+0000 I  CONTROL  [initandlisten] ** WARNING: /sys/kernel/mm/transparent_hugepage/enabled is 'always'.
2021-01-06T16:12:06.299+0000 I  CONTROL  [initandlisten] **        We suggest setting it to 'never'
2021-01-06T16:12:06.299+0000 I  CONTROL  [initandlisten] 
2021-01-06T16:12:06.309+0000 I  SHARDING [initandlisten] Marking collection local.system.replset as collection version: <unsharded>
2021-01-06T16:12:06.313+0000 I  STORAGE  [initandlisten] Flow Control is enabled on this deployment.
2021-01-06T16:12:06.314+0000 I  SHARDING [initandlisten] Marking collection admin.system.roles as collection version: <unsharded>
2021-01-06T16:12:06.314+0000 I  SHARDING [initandlisten] Marking collection admin.system.version as collection version: <unsharded>
2021-01-06T16:12:06.317+0000 I  SHARDING [initandlisten] Marking collection local.startup_log as collection version: <unsharded>
2021-01-06T16:12:06.319+0000 I  FTDC     [initandlisten] Initializing full-time diagnostic data capture with directory '/data/db/diagnostic.data'
2021-01-06T16:12:06.323+0000 I  SHARDING [LogicalSessionCacheRefresh] Marking collection config.system.sessions as collection version: <unsharded>
2021-01-06T16:12:06.324+0000 I  SHARDING [LogicalSessionCacheReap] Marking collection config.transactions as collection version: <unsharded>
2021-01-06T16:12:06.324+0000 I  NETWORK  [listener] Listening on /tmp/mongodb-27017.sock
2021-01-06T16:12:06.324+0000 I  NETWORK  [listener] Listening on 0.0.0.0
2021-01-06T16:12:06.324+0000 I  NETWORK  [listener] waiting for connections on port 27017
2021-01-06T16:12:07.025+0000 I  FTDC     [ftdc] Unclean full-time diagnostic data capture shutdown detected, found interim file, some metrics may have been lost. OK
2021-01-06T16:12:07.055+0000 I  SHARDING [ftdc] Marking collection local.oplog.rs as collection version: <unsharded>
2021-01-06T16:12:44.113+0000 I  NETWORK  [listener] connection accepted from 172.18.0.4:39290 #1 (1 connection now open)
2021-01-06T16:12:44.121+0000 I  NETWORK  [conn1] received client metadata from 172.18.0.4:39290 conn1: { driver: { name: "nodejs|Mongoose", version: "3.6.3" }, os: { type: "Linux", name: "linux", architecture: "x64", version: "4.19.104-microsoft-standard" }, platform: "'Node.js v10.16.3, LE (unified)", version: "3.6.3|5.10.15" }
2021-01-06T16:13:38.940+0000 I  NETWORK  [listener] connection accepted from 172.18.0.4:39312 #2 (2 connections now open)
2021-01-06T16:13:38.941+0000 I  NETWORK  [conn2] received client metadata from 172.18.0.4:39312 conn2: { driver: { name: "nodejs|Mongoose", version: "3.6.3" }, os: { type: "Linux", name: "linux", architecture: "x64", version: "4.19.104-microsoft-standard" }, platform: "'Node.js v10.16.3, LE (unified)", version: "3.6.3|5.10.15" }
2021-01-06T16:13:38.944+0000 I  SHARDING [conn2] Marking collection ezbacktest.charts as collection version: <unsharded>
2021-01-06T16:13:39.071+0000 I  SHARDING [conn2] Marking collection ezbacktest.scripts as collection version: <unsharded>
